
2015-08-28 11:42:13 Status UPS sollatek@localhost on battery
2015-08-28 11:43:03 Status UPS sollatek@localhost on line power
2015-08-28 13:38:19 Status battery
2015-08-28 13:39:04 Status line power
2015-08-28 13:39:34 battery
2015-08-28 13:39:54 line power
2015-08-28 14:16:34 battery
2015-08-28 14:16:54 line power
2015-08-28 14:28:15 battery
2015-08-28 14:28:45 line power
2015-08-28 15:41:09 Communications lost
2015-08-28 15:41:14 Unavailable
2015-08-31 13:24:08 Communications lost
2015-08-31 13:24:19 Communications established
2015-08-31 14:17:58 Communications lost
2015-08-31 14:18:03 Unavailable
2015-08-31 14:23:08 Unavailable
2015-08-31 14:28:13 Unavailable
2015-08-31 17:56:47 Unavailable
2015-08-31 18:01:52 Unavailable
2015-08-31 18:06:57 Unavailable
2015-08-31 18:12:02 Unavailable
2015-08-31 18:17:07 Unavailable
2015-08-31 18:22:12 Unavailable
2015-08-31 18:27:17 Unavailable
2015-08-31 18:32:22 Unavailable
2015-08-31 18:37:27 Unavailable
2015-08-31 18:42:32 Unavailable
2015-08-31 18:47:37 Unavailable
2015-08-31 18:52:43 Unavailable
2015-08-31 18:57:43 Unavailable
2015-08-31 19:02:48 Unavailable
2015-08-31 19:07:53 Unavailable
2015-08-31 19:12:58 Unavailable
2015-08-31 19:18:03 Unavailable
2015-08-31 19:23:08 Unavailable
2015-08-31 19:28:13 Unavailable
2015-08-31 19:33:18 Unavailable
2015-08-31 19:38:23 Unavailable
2015-08-31 19:43:28 Unavailable
2015-08-31 19:48:33 Unavailable
2015-08-31 19:53:38 Unavailable
2015-08-31 19:58:43 Unavailable
2015-08-31 20:03:48 Unavailable
2015-08-31 20:08:49 Unavailable
2015-08-31 20:13:54 Unavailable
2015-08-31 20:18:59 Unavailable
2015-08-31 20:24:04 Unavailable
2015-08-31 20:29:09 Unavailable
2015-08-31 20:34:14 Unavailable
2015-08-31 20:39:19 Unavailable
2015-08-31 20:17:33 Communications lost
2015-08-31 20:17:38 Unavailable
2015-09-01 07:19:43 Unavailable
2015-09-01 07:24:48 Unavailable
2015-09-01 07:29:53 Unavailable
2015-09-01 07:34:58 Unavailable
2015-09-01 07:40:03 Unavailable
2015-09-01 07:45:08 Unavailable
2015-09-01 07:50:13 Unavailable
2015-09-01 07:55:18 Unavailable
2015-09-01 08:00:23 Unavailable
2015-09-01 08:05:28 Unavailable
2015-09-01 08:10:33 Unavailable
2015-09-01 08:15:38 Unavailable
2015-09-01 08:20:39 Unavailable
2015-09-01 08:25:44 Unavailable
2015-09-01 08:30:49 Unavailable
2015-09-01 08:35:54 Unavailable
2015-09-01 08:40:59 Unavailable
2015-09-01 08:46:04 Unavailable
2015-09-01 08:51:09 Unavailable
2015-09-01 08:56:14 Unavailable
2015-09-01 09:01:19 Unavailable
2015-09-01 09:06:24 Unavailable
2015-09-01 09:11:29 Unavailable
2015-09-01 09:16:34 Unavailable
2015-09-01 09:21:39 Unavailable
2015-09-01 09:26:44 Unavailable
2015-09-01 09:31:49 Unavailable
2015-09-01 09:36:54 Unavailable
2015-09-01 09:41:55 Unavailable
2015-09-01 09:47:00 Unavailable
2015-09-01 09:52:05 Unavailable
2015-09-01 09:57:10 Unavailable
2015-09-01 10:02:15 Unavailable
2015-09-01 10:07:20 Unavailable
2015-09-01 10:12:25 Unavailable
2015-09-01 10:17:30 Unavailable
2015-09-01 10:22:35 Unavailable
2015-09-01 10:27:40 Unavailable
2015-09-01 10:32:45 Unavailable
2015-09-01 10:37:50 Unavailable
2015-09-01 10:42:55 Unavailable
2015-09-01 10:48:00 Unavailable
2015-09-01 10:53:05 Unavailable
2015-09-01 10:58:10 Unavailable
2015-09-01 11:03:11 Unavailable
2015-09-01 11:08:16 Unavailable
2015-09-01 11:13:21 Unavailable
2015-09-01 11:18:26 Unavailable
2015-09-01 11:23:31 Unavailable
2015-09-01 11:28:36 Unavailable
2015-09-01 11:33:41 Unavailable
2015-09-01 11:38:46 Unavailable
2015-09-01 11:43:51 Unavailable
2015-09-01 11:48:56 Unavailable
2015-09-01 11:54:01 Unavailable
2015-09-01 11:59:06 Unavailable
2015-09-01 12:04:11 Unavailable
2015-09-01 12:09:16 Unavailable
2015-09-01 12:14:21 Unavailable
2015-09-01 12:19:26 Unavailable
2015-09-01 12:24:27 Unavailable
2015-09-01 12:29:32 Unavailable
2015-09-01 12:34:37 Unavailable
2015-09-01 12:39:42 Unavailable
2015-09-01 12:44:47 Unavailable
2015-09-01 12:49:52 Unavailable
2015-09-01 12:54:57 Unavailable
2015-09-01 13:00:02 Unavailable
2015-09-01 13:05:07 Unavailable
2015-09-01 13:10:12 Unavailable
2015-09-01 13:15:17 Unavailable
2015-09-01 13:20:22 Unavailable
2015-09-01 13:25:27 Unavailable
2015-09-01 13:30:32 Unavailable
2015-09-01 13:35:37 Unavailable
2015-09-01 13:40:42 Unavailable
2015-09-01 13:45:48 Unavailable
2015-09-01 13:50:48 Unavailable
2015-09-01 13:55:53 Unavailable
2015-09-01 14:00:58 Unavailable
2015-09-01 14:06:03 Unavailable
2015-09-01 14:11:08 Unavailable
2015-09-01 14:16:13 Unavailable
2015-09-01 14:21:18 Unavailable
2015-09-01 14:26:23 Unavailable
2015-09-01 14:31:28 Unavailable
2015-09-01 14:36:33 Unavailable
2015-09-01 14:41:38 Unavailable
2015-09-01 14:46:43 Unavailable
2015-09-01 14:51:48 Unavailable
2015-09-01 14:56:53 Unavailable
2015-09-01 15:01:58 Unavailable
2015-09-01 15:07:03 Unavailable
2015-09-01 15:12:04 Unavailable
2015-09-01 15:17:09 Unavailable
2015-09-01 15:22:14 Unavailable
2015-09-01 15:27:19 Unavailable
2015-09-01 15:32:24 Unavailable
2015-09-01 15:37:29 Unavailable
2015-09-01 15:42:34 Unavailable
2015-09-01 15:47:39 Unavailable
2015-09-01 15:52:44 Unavailable
2015-09-01 15:57:49 Unavailable
2015-09-01 16:02:54 Unavailable
2015-09-01 16:07:59 Unavailable
2015-09-01 16:13:04 Unavailable
2015-09-01 16:18:09 Unavailable
2015-09-01 16:23:14 Unavailable
2015-09-01 16:28:20 Unavailable
2015-09-01 16:33:20 Unavailable
2015-09-01 16:38:25 Unavailable
2015-09-01 16:43:30 Unavailable
2015-09-01 16:48:35 Unavailable
2015-09-01 16:53:40 Unavailable
2015-09-01 16:58:45 Unavailable
2015-09-01 17:03:50 Unavailable
2015-09-01 17:08:55 Unavailable
2015-09-01 17:14:00 Unavailable
2015-09-01 17:19:05 Unavailable
2015-09-01 17:17:33 Communications lost
2015-09-01 17:17:38 Unavailable
2015-09-02 06:47:03 Unavailable
2015-09-02 06:52:03 Unavailable
2015-09-02 06:57:08 Unavailable
2015-09-02 07:02:13 Unavailable
2015-09-02 07:07:18 Unavailable
2015-09-02 07:12:23 Unavailable
2015-09-02 07:17:28 Unavailable
2015-09-02 07:22:33 Unavailable
2015-09-02 07:27:38 Unavailable
2015-09-02 07:32:43 Unavailable
2015-09-02 07:37:48 Unavailable
2015-09-02 07:42:53 Unavailable
2015-09-02 07:47:58 Unavailable
2015-09-02 07:53:03 Unavailable
2015-09-02 07:58:08 Unavailable
2015-09-02 08:03:14 Unavailable
2015-09-02 08:08:14 Unavailable
2015-09-02 08:13:19 Unavailable
2015-09-02 08:18:24 Unavailable
2015-09-02 08:23:29 Unavailable
2015-09-02 08:28:34 Unavailable
2015-09-02 08:33:39 Unavailable
2015-09-02 08:38:44 Unavailable
2015-09-02 08:43:49 Unavailable
2015-09-02 08:48:54 Unavailable
2015-09-02 08:53:59 Unavailable
2015-09-02 08:59:04 Unavailable
2015-09-02 09:04:09 Unavailable
2015-09-02 09:09:14 Unavailable
2015-09-02 09:14:19 Unavailable
2015-09-02 09:19:25 Unavailable
2015-09-02 09:24:25 Unavailable
2015-09-02 09:29:30 Unavailable
2015-09-02 09:34:35 Unavailable
2015-09-02 09:39:40 Unavailable
2015-09-02 09:44:45 Unavailable
2015-09-02 09:49:50 Unavailable
2015-09-02 09:54:55 Unavailable
2015-09-02 10:00:00 Unavailable
2015-09-02 10:05:05 Unavailable
2015-09-02 10:10:00 
2015-09-02 10:10:10 Unavailable
2015-09-02 10:15:15 Unavailable
2015-09-02 10:29:31 Communications lost
2015-09-02 10:29:36 Unavailable
2015-09-02 10:34:41 Unavailable
2015-09-02 10:39:46 Unavailable
2015-09-02 10:41:17 Communications lost
2015-09-02 10:41:22 Unavailable
2015-09-02 10:46:27 Unavailable
2015-09-02 10:49:55 
2015-09-02 10:51:32 Unavailable
2015-09-02 10:54:00 
2015-09-02 10:56:37 Unavailable
2015-09-02 11:01:42 Unavailable
2015-09-02 11:06:47 Unavailable
2015-09-02 11:11:52 Unavailable
2015-09-02 11:16:57 Unavailable
2015-09-02 11:22:02 Unavailable
2015-09-02 11:27:07 Unavailable
2015-09-02 11:32:12 Unavailable
2015-09-02 11:37:17 Unavailable
2015-09-02 11:42:22 Unavailable
2015-09-02 11:47:27 Unavailable
2015-09-02 11:52:33 Unavailable
2015-09-02 11:57:33 Unavailable
2015-09-02 12:02:38 Unavailable
2015-09-02 12:07:43 Unavailable
2015-09-02 12:12:48 Unavailable
2015-09-02 12:17:53 Unavailable
2015-09-02 12:22:58 Unavailable
2015-09-02 12:28:03 Unavailable
2015-09-02 12:33:08 Unavailable
2015-09-02 12:38:13 Unavailable
2015-09-02 12:43:18 Unavailable
2015-09-02 12:48:23 Unavailable
2015-09-02 12:53:28 Unavailable
2015-09-02 12:58:33 Unavailable
2015-09-02 13:03:38 Unavailable
2015-09-02 13:08:44 Unavailable
2015-09-02 13:13:44 Unavailable
2015-09-02 13:18:49 Unavailable
2015-09-02 13:23:54 Unavailable
2015-09-02 13:28:59 Unavailable
2015-09-02 13:34:04 Unavailable
2015-09-02 13:39:09 Unavailable
2015-09-02 13:44:14 Unavailable
2015-09-02 13:49:19 Unavailable
2015-09-02 13:54:24 Unavailable
2015-09-02 13:59:29 Unavailable
2015-09-02 14:04:34 Unavailable
2015-09-02 14:09:39 Unavailable
2015-09-02 14:14:44 Unavailable
2015-09-02 14:19:49 Unavailable
2015-09-02 14:24:50 Unavailable
2015-09-02 14:29:55 Unavailable
2015-09-02 14:35:00 Unavailable
2015-09-02 14:40:05 Unavailable
2015-09-02 14:45:10 Unavailable
2015-09-02 14:50:15 Unavailable
2015-09-02 14:55:20 Unavailable
2015-09-02 15:00:25 Unavailable
2015-09-02 15:05:30 Unavailable
2015-09-02 15:10:35 Unavailable
2015-09-02 15:15:40 Unavailable
2015-09-02 15:20:45 Unavailable
2015-09-02 15:25:50 Unavailable
2015-09-02 15:30:55 Unavailable
2015-09-02 15:35:56 Unavailable
2015-09-02 15:41:01 Unavailable
2015-09-02 15:46:06 Unavailable
2015-09-02 15:51:11 Unavailable
2015-09-02 15:56:16 Unavailable
2015-09-02 16:01:21 Unavailable
2015-09-02 16:06:26 Unavailable
2015-09-02 16:11:31 Unavailable
2015-09-02 16:16:36 Unavailable
2015-09-02 16:21:41 Unavailable
2015-09-02 16:26:46 Unavailable
2015-09-02 16:31:51 Unavailable
2015-09-02 16:36:56 Unavailable
2015-09-02 16:42:01 Unavailable
2015-09-02 16:47:07 Unavailable
2015-09-02 16:52:07 Unavailable
2015-09-03 14:57:51 Communications lost
2015-09-03 14:57:56 Unavailable
2015-09-03 15:03:01 Unavailable
2015-09-03 15:08:06 Unavailable
2015-09-03 15:13:11 Unavailable
2015-09-03 15:18:16 Unavailable
2015-09-03 15:23:21 Unavailable
2015-09-03 15:28:27 Unavailable
2015-09-03 15:33:27 Unavailable
2015-09-03 15:38:32 Unavailable
2015-09-03 15:43:37 Unavailable
2015-09-03 15:48:42 Unavailable
2015-09-03 15:53:47 Unavailable
2015-09-03 15:58:52 Unavailable
2015-09-03 16:03:57 Unavailable
2015-09-03 16:09:02 Unavailable
2015-09-03 16:14:07 Unavailable
2015-09-03 16:19:12 Unavailable
2015-09-03 16:24:17 Unavailable
2015-09-03 16:29:22 Unavailable
2015-09-03 16:30:20 Communications lost
2015-09-03 16:30:25 Unavailable
2015-09-03 16:31:08 Communications lost
2015-09-03 16:31:13 Unavailable
2015-09-03 16:36:18 Unavailable
2015-09-03 16:41:23 Unavailable
2015-09-03 16:46:28 Unavailable
2015-09-03 16:49:28 Communications lost
2015-09-03 16:49:33 Unavailable
2015-09-04 06:15:35 Unavailable
2015-09-04 06:20:40 Unavailable
2015-09-04 06:23:15 battery
2015-09-04 07:22:16 battery
2015-09-04 09:40:52 battery low
2015-09-04 09:40:52 Auto logout and shutdown proceeding
2015-09-04 12:42:51 Communications lost
2015-09-04 12:43:01 Communications established
2015-09-04 12:50:12 battery
2015-09-04 12:53:23 battery
2015-09-04 12:53:33 line power
